<?xml version="1.0" encoding="UTF-8"?>
<!-- Generated by org.testng.reporters.JUnitReportReporter -->
<testsuite skipped="0" hostname="DESKTOP-UEETGC5" name="com.qa.test.LoginTest" tests="1" failures="0" timestamp="11 Jan 2019 10:09:44 GMT" time="0.008" errors="0">
  <testcase name="ValidateLoginTest" time="0.008" classname="com.qa.test.LoginTest"/>
</testsuite> <!-- com.qa.test.LoginTest -->
